<?xml version="1.0" encoding="UTF-8"?>
<testsuite xmlns:xsi="http://www.w3.org/2001/XMLSchema-instance" xsi:noNamespaceSchemaLocation="https://maven.apache.org/surefire/maven-surefire-plugin/xsd/surefire-test-report-3.0.xsd" version="3.0" name="Funucionalidad.PersonaSSTest" time="1.29" tests="4" errors="0" skipped="0" failures="0">
  <properties>
[...]
</properties>
  <testcase name="testRegistrarPersona" classname="Funucionalidad.PersonaSSTest" time="0.956">
    <system-err><![CDATA[WARNING: A Java agent has been loaded dynamically (C:\Users\tacot\.m2\repository\net\bytebuddy\byte-buddy-agent\1.14.5\byte-buddy-agent-1.14.5.jar)
WARNING: If a serviceability tool is in use, please run with -XX:+EnableDynamicAgentLoading to hide this warning
WARNING: If a serviceability tool is not in use, please run with -Djdk.instrument.traceUsage for more information
WARNING: Dynamic loading of agents will be disallowed by default in a future release
nov 10, 2024 8:09:03 P. M. com.mongodb.diagnostics.logging.JULLogger log
INFO: Cluster created with settings {hosts=[localhost:27017], mode=SINGLE, requiredClusterType=UNKNOWN, serverSelectionTimeout='30000 ms', maxWaitQueueSize=500}
]]></system-err>
  </testcase>
  <testcase name="testInsertMasivo" classname="Funucionalidad.PersonaSSTest" time="0.11">
    <system-err><![CDATA[nov 10, 2024 8:09:04 P. M. com.mongodb.diagnostics.logging.JULLogger log
INFO: Opened connection [connectionId{localValue:1}] to localhost:27017
nov 10, 2024 8:09:04 P. M. com.mongodb.diagnostics.logging.JULLogger log
INFO: Monitor thread successfully connected to server with description ServerDescription{address=localhost:27017, type=STANDALONE, state=CONNECTED, ok=true, version=ServerVersion{versionList=[8, 0, 0]}, minWireVersion=0, maxWireVersion=25, maxDocumentSize=16777216, logicalSessionTimeoutMinutes=30, roundTripTimeNanos=2252900}
]]></system-err>
  </testcase>
  <testcase name="testPersonaRegistrada" classname="Funucionalidad.PersonaSSTest" time="0.098"/>
  <testcase name="testObtenerPersonaDTOPorCurp" classname="Funucionalidad.PersonaSSTest" time="0.1"/>
</testsuite>