<?xml version="1.0" encoding="UTF-8"?>
<testsuite xmlns:xsi="http://www.w3.org/2001/XMLSchema-instance" xsi:noNamespaceSchemaLocation="https://maven.apache.org/surefire/maven-surefire-plugin/xsd/surefire-test-report-3.0.xsd" version="3.0" name="DAOS.TransferenciaDAOTest" time="0.91" tests="14" errors="1" skipped="0" failures="0">
  <properties>
[...]
</properties>
  <testcase name="testObtenerTransferenciasEgreso_List_ReturnSuccess" classname="DAOS.TransferenciaDAOTest" time="0.221">
    <system-out><![CDATA[obtenerTransferenciasEgreso
Inicio: Sun Nov 10 00:00:00 MST 2024
Fin: Sun Nov 10 23:59:59 MST 2024
]]></system-out>
  </testcase>
  <testcase name="testRealizarTransferencia_Boolean_ReturnSuccess" classname="DAOS.TransferenciaDAOTest" time="0.073">
    <system-out><![CDATA[testRealizarTransferencia()
]]></system-out>
  </testcase>
  <testcase name="testObtenerTransferenciasIngreso_List_ReturnSuccess" classname="DAOS.TransferenciaDAOTest" time="0.05">
    <error message="Cannot invoke &quot;com.mongodb.client.FindIterable.into(java.util.Collection)&quot; because the return value of &quot;com.mongodb.client.MongoCollection.find(org.bson.conversions.Bson)&quot; is null" type="java.lang.NullPointerException"><![CDATA[java.lang.NullPointerException: Cannot invoke "com.mongodb.client.FindIterable.into(java.util.Collection)" because the return value of "com.mongodb.client.MongoCollection.find(org.bson.conversions.Bson)" is null
	at DAOS.TransferenciaDAO.obtenerTransferenciasEgreso(TransferenciaDAO.java:169)
	at DAOS.TransferenciaDAOTest.testObtenerTransferenciasIngreso_List_ReturnSuccess(TransferenciaDAOTest.java:426)
	at java.base/jdk.internal.reflect.DirectMethodHandleAccessor.invoke(DirectMethodHandleAccessor.java:103)
	at java.base/java.lang.reflect.Method.invoke(Method.java:580)
	at org.junit.platform.commons.util.ReflectionUtils.invokeMethod(ReflectionUtils.java:686)
	at org.junit.jupiter.engine.execution.MethodInvocation.proceed(MethodInvocation.java:60)
	at org.junit.jupiter.engine.execution.InvocationInterceptorChain$ValidatingInvocation.proceed(InvocationInterceptorChain.java:131)
	at org.junit.jupiter.engine.extension.TimeoutExtension.intercept(TimeoutExtension.java:149)
	at org.junit.jupiter.engine.extension.TimeoutExtension.interceptTestableMethod(TimeoutExtension.java:140)
	at org.junit.jupiter.engine.extension.TimeoutExtension.interceptTestMethod(TimeoutExtension.java:84)
	at org.junit.jupiter.engine.execution.ExecutableInvoker$ReflectiveInterceptorCall.lambda$ofVoidMethod$0(ExecutableInvoker.java:115)
	at org.junit.jupiter.engine.execution.ExecutableInvoker.lambda$invoke$0(ExecutableInvoker.java:105)
	at org.junit.jupiter.engine.execution.InvocationInterceptorChain$InterceptedInvocation.proceed(InvocationInterceptorChain.java:106)
	at org.junit.jupiter.engine.execution.InvocationInterceptorChain.proceed(InvocationInterceptorChain.java:64)
	at org.junit.jupiter.engine.execution.InvocationInterceptorChain.chainAndInvoke(InvocationInterceptorChain.java:45)
	at org.junit.jupiter.engine.execution.InvocationInterceptorChain.invoke(InvocationInterceptorChain.java:37)
	at org.junit.jupiter.engine.execution.ExecutableInvoker.invoke(ExecutableInvoker.java:104)
	at org.junit.jupiter.engine.execution.ExecutableInvoker.invoke(ExecutableInvoker.java:98)
	at org.junit.jupiter.engine.descriptor.TestMethodTestDescriptor.lambda$invokeTestMethod$6(TestMethodTestDescriptor.java:205)
	at org.junit.platform.engine.support.hierarchical.ThrowableCollector.execute(ThrowableCollector.java:73)
	at org.junit.jupiter.engine.descriptor.TestMethodTestDescriptor.invokeTestMethod(TestMethodTestDescriptor.java:201)
	at org.junit.jupiter.engine.descriptor.TestMethodTestDescriptor.execute(TestMethodTestDescriptor.java:137)
	at org.junit.jupiter.engine.descriptor.TestMethodTestDescriptor.execute(TestMethodTestDescriptor.java:71)
	at org.junit.platform.engine.support.hierarchical.NodeTestTask.lambda$executeRecursively$5(NodeTestTask.java:135)
	at org.junit.platform.engine.support.hierarchical.ThrowableCollector.execute(ThrowableCollector.java:73)
	at org.junit.platform.engine.support.hierarchical.NodeTestTask.lambda$executeRecursively$7(NodeTestTask.java:125)
	at org.junit.platform.engine.support.hierarchical.Node.around(Node.java:135)
	at org.junit.platform.engine.support.hierarchical.NodeTestTask.lambda$executeRecursively$8(NodeTestTask.java:123)
	at org.junit.platform.engine.support.hierarchical.ThrowableCollector.execute(ThrowableCollector.java:73)
	at org.junit.platform.engine.support.hierarchical.NodeTestTask.executeRecursively(NodeTestTask.java:122)
	at org.junit.platform.engine.support.hierarchical.NodeTestTask.execute(NodeTestTask.java:80)
	at java.base/java.util.ArrayList.forEach(ArrayList.java:1597)
	at org.junit.platform.engine.support.hierarchical.SameThreadHierarchicalTestExecutorService.invokeAll(SameThreadHierarchicalTestExecutorService.java:38)
	at org.junit.platform.engine.support.hierarchical.NodeTestTask.lambda$executeRecursively$5(NodeTestTask.java:139)
	at org.junit.platform.engine.support.hierarchical.ThrowableCollector.execute(ThrowableCollector.java:73)
	at org.junit.platform.engine.support.hierarchical.NodeTestTask.lambda$executeRecursively$7(NodeTestTask.java:125)
	at org.junit.platform.engine.support.hierarchical.Node.around(Node.java:135)
	at org.junit.platform.engine.support.hierarchical.NodeTestTask.lambda$executeRecursively$8(NodeTestTask.java:123)
	at org.junit.platform.engine.support.hierarchical.ThrowableCollector.execute(ThrowableCollector.java:73)
	at org.junit.platform.engine.support.hierarchical.NodeTestTask.executeRecursively(NodeTestTask.java:122)
	at org.junit.platform.engine.support.hierarchical.NodeTestTask.execute(NodeTestTask.java:80)
	at java.base/java.util.ArrayList.forEach(ArrayList.java:1597)
	at org.junit.platform.engine.support.hierarchical.SameThreadHierarchicalTestExecutorService.invokeAll(SameThreadHierarchicalTestExecutorService.java:38)
	at org.junit.platform.engine.support.hierarchical.NodeTestTask.lambda$executeRecursively$5(NodeTestTask.java:139)
	at org.junit.platform.engine.support.hierarchical.ThrowableCollector.execute(ThrowableCollector.java:73)
	at org.junit.platform.engine.support.hierarchical.NodeTestTask.lambda$executeRecursively$7(NodeTestTask.java:125)
	at org.junit.platform.engine.support.hierarchical.Node.around(Node.java:135)
	at org.junit.platform.engine.support.hierarchical.NodeTestTask.lambda$executeRecursively$8(NodeTestTask.java:123)
	at org.junit.platform.engine.support.hierarchical.ThrowableCollector.execute(ThrowableCollector.java:73)
	at org.junit.platform.engine.support.hierarchical.NodeTestTask.executeRecursively(NodeTestTask.java:122)
	at org.junit.platform.engine.support.hierarchical.NodeTestTask.execute(NodeTestTask.java:80)
	at org.junit.platform.engine.support.hierarchical.SameThreadHierarchicalTestExecutorService.submit(SameThreadHierarchicalTestExecutorService.java:32)
	at org.junit.platform.engine.support.hierarchical.HierarchicalTestExecutor.execute(HierarchicalTestExecutor.java:57)
	at org.junit.platform.engine.support.hierarchical.HierarchicalTestEngine.execute(HierarchicalTestEngine.java:51)
	at org.junit.platform.launcher.core.DefaultLauncher.execute(DefaultLauncher.java:248)
	at org.junit.platform.launcher.core.DefaultLauncher.lambda$execute$5(DefaultLauncher.java:211)
	at org.junit.platform.launcher.core.DefaultLauncher.withInterceptedStreams(DefaultLauncher.java:226)
	at org.junit.platform.launcher.core.DefaultLauncher.execute(DefaultLauncher.java:199)
	at org.junit.platform.launcher.core.DefaultLauncher.execute(DefaultLauncher.java:132)
	at org.apache.maven.surefire.junitplatform.LazyLauncher.execute(LazyLauncher.java:56)
	at org.apache.maven.surefire.junitplatform.JUnitPlatformProvider.execute(JUnitPlatformProvider.java:184)
	at org.apache.maven.surefire.junitplatform.JUnitPlatformProvider.invokeAllTests(JUnitPlatformProvider.java:148)
	at org.apache.maven.surefire.junitplatform.JUnitPlatformProvider.invoke(JUnitPlatformProvider.java:122)
	at org.apache.maven.surefire.booter.ForkedBooter.runSuitesInProcess(ForkedBooter.java:385)
	at org.apache.maven.surefire.booter.ForkedBooter.execute(ForkedBooter.java:162)
	at org.apache.maven.surefire.booter.ForkedBooter.run(ForkedBooter.java:507)
	at org.apache.maven.surefire.booter.ForkedBooter.main(ForkedBooter.java:495)
]]></error>
    <system-out><![CDATA[obtenerTransferenciasIngreso
Inicio: Sun Nov 10 00:00:00 MST 2024
Fin: Sun Nov 10 23:59:59 MST 2024
]]></system-out>
  </testcase>
  <testcase name="testEgresosDelDia_Boolean_ReturnSuccess" classname="DAOS.TransferenciaDAOTest" time="0.069">
    <system-out><![CDATA[egresosDelDia
]]></system-out>
  </testcase>
  <testcase name="testIngresosDelDia_Boolean_ReturnSuccess" classname="DAOS.TransferenciaDAOTest" time="0.049">
    <system-out><![CDATA[ingresosDelDia
]]></system-out>
  </testcase>
  <testcase name="testRealizarTransferencia_ErrorPersonaPropietarioNulo_ReturnSuccess" classname="DAOS.TransferenciaDAOTest" time="0.049">
    <system-out><![CDATA[testRealizarTransferencia() Error en if #2
Remitente o Destinatario Nulo
]]></system-out>
  </testcase>
  <testcase name="testRealizarTransferencia_ErrorPersonaDestinatarioNulo_ReturnSuccess" classname="DAOS.TransferenciaDAOTest" time="0.049">
    <system-out><![CDATA[testRealizarTransferencia() Error en if #2
Remitente o Destinatario Nulo
]]></system-out>
  </testcase>
  <testcase name="testRealizarTransferencia_ErrorTarjetaPropietarioNula_ReturnSuccess" classname="DAOS.TransferenciaDAOTest" time="0.049">
    <system-out><![CDATA[testRealizarTransferencia() Error en if #3
Remitente o Destinatario Nulo
]]></system-out>
  </testcase>
  <testcase name="testRealizarTransferencia_ErrorPropietarioYDestinatarioIguales_ReturnSuccess" classname="DAOS.TransferenciaDAOTest" time="0.049">
    <system-out><![CDATA[testRealizarTransferencia() Error en if #1
El destinatario y el propietario son los mismos
]]></system-out>
  </testcase>
  <testcase name="testObtenerTransferencias_List_ReturnSuccess" classname="DAOS.TransferenciaDAOTest" time="0.05">
    <system-out><![CDATA[obtenerTransferencias
]]></system-out>
  </testcase>
  <testcase name="testEgresosDelDia_SinEgresos_ReturnSuccess" classname="DAOS.TransferenciaDAOTest" time="0.05">
    <system-out><![CDATA[egresosDelDia Caso listaEgresos null
]]></system-out>
  </testcase>
  <testcase name="testRealizarTransferencia_ErrorSaldoInsuficiente_ReturnSuccess" classname="DAOS.TransferenciaDAOTest" time="0.049">
    <system-out><![CDATA[testRealizarTransferencia() Error en if #3
TarjetaPropietario nula o el saldo no es suficiente para hacer la transferencia.
]]></system-out>
  </testcase>
  <testcase name="testObtenerTransferenciasSinFecha_List_ReturnSuccess" classname="DAOS.TransferenciaDAOTest" time="0.049">
    <system-out><![CDATA[testObtenerTransferenciasSinFecha
]]></system-out>
  </testcase>
  <testcase name="testIngresosDelDia_SinIngresos_ReturnSuccess" classname="DAOS.TransferenciaDAOTest" time="0.048">
    <system-out><![CDATA[ingresosDelDia Caso listaIngresos null
]]></system-out>
  </testcase>
</testsuite>