<?xml version="1.0" encoding="UTF-8"?>
<testsuite xmlns:xsi="http://www.w3.org/2001/XMLSchema-instance" xsi:noNamespaceSchemaLocation="https://maven.apache.org/surefire/maven-surefire-plugin/xsd/surefire-test-report-3.0.xsd" version="3.0" name="DAOS.GrupoDAOTest" time="0.088" tests="4" errors="0" skipped="0" failures="0">
  <properties>
[...]
</properties>
  <testcase name="TestObtenerGrupoPorID_DocumentoEncontrado_ReturnSuccess" classname="DAOS.GrupoDAOTest" time="0.07">
    <system-out><![CDATA[obtenerGrupoPorID - Documento Encontrado
]]></system-out>
  </testcase>
  <testcase name="TestCrearGrupo_GrupoAgregado_ReturnSuccess" classname="DAOS.GrupoDAOTest" time="0.011">
    <system-out><![CDATA[crearGrupo - Grupo Agregado Exitosamente
]]></system-out>
  </testcase>
  <testcase name="TestObtenerGrupoPorID_DocumentoNoEncontrado_ReturnSuccess" classname="DAOS.GrupoDAOTest" time="0.002">
    <system-out><![CDATA[obtenerGrupoPorID - Documento No Encontrado
]]></system-out>
  </testcase>
  <testcase name="TestAgregarContacto_ContactoAgregado_ReturnSuccess" classname="DAOS.GrupoDAOTest" time="0.002">
    <system-out><![CDATA[agregarContacto - Contacto Agregado Exitosamente
]]></system-out>
  </testcase>
</testsuite>